<?xml version="1.0" encoding="UTF-8"?>
<!-- Generated by org.testng.reporters.JUnitReportReporter -->
<testsuite hostname="SUPER" name="apiTest.ApiTest" tests="3" failures="0" timestamp="2 Sep 2018 22:55:32 GMT" time="3.753" errors="0">
  <testcase name="testContentType" time="3.301" classname="apiTest.ApiTest"/>
  <testcase name="testStatusCode" time="0.214" classname="apiTest.ApiTest"/>
  <testcase name="testParams" time="0.238" classname="apiTest.ApiTest"/>
</testsuite> <!-- apiTest.ApiTest -->
